Computing main repo mapping: 
Loading: 
Loading: 0 packages loaded
Analyzing: 9 targets (0 packages loaded, 0 targets configured)
Analyzing: 9 targets (0 packages loaded, 0 targets configured)

INFO: Analyzed 9 targets (0 packages loaded, 0 targets configured).
INFO: From Compiling tool_executor_test.cpp:
tool_executor_test.cpp:80:5: warning: ignoring return value of function declared with 'nodiscard' attribute [-Wunused-result]
    executor.Execute("write_file", {{"path", "grep_test.txt"}, {"content", "line 1\npattern here\nline 3"}});
    ^~~~~~~~~~~~~~~~ ~~~~~~~~~~~~~~~~~~~~~~~~~~~~~~~~~~~~~~~~~~~~~~~~~~~~~~~~~~~~~~~~~~~~~~~~~~~~~~~~~~~~~~
1 warning generated.
[4 / 24] Compiling database_test.cpp; 1s darwin-sandbox ... (2 actions, 1 running)
[17 / 24] 2 / 9 tests; Testing //:tool_executor_test; 0s darwin-sandbox ... (7 actions running)
FAIL: //:input_parsing_test (Exit 1) (see /private/var/tmp/_bazel_kailashs/99db4ea768af096d4b040886f889832a/execroot/_main/bazel-out/darwin_arm64-fastbuild/testlogs/input_parsing_test/test.log)
INFO: From Testing //:input_parsing_test:
==================== Test output for //:input_parsing_test:
Running main() from gmock_main.cc
[==========] Running 4 tests from 1 test suite.
[----------] Global test environment set-up.
[----------] 4 tests from InputParsingTest
[ RUN      ] InputParsingTest.SquareBracesInNormalInput
[       OK ] InputParsingTest.SquareBracesInNormalInput (1 ms)
[ RUN      ] InputParsingTest.SquareBracesInCommandArgs
Current session: session[1]
[       OK ] InputParsingTest.SquareBracesInCommandArgs (0 ms)
[ RUN      ] InputParsingTest.SingleQuotesInCommandArgs
Error: SQL error: unrecognized token: "'session'', 5)"
Current session: session'
input_parsing_test.cpp:46: Failure
Expected equality of these values:
  session_id
    Which is: "session'"
  "session' OR '1'='1"

[  FAILED  ] InputParsingTest.SingleQuotesInCommandArgs (0 ms)
[ RUN      ] InputParsingTest.MalformedCommand
[       OK ] InputParsingTest.MalformedCommand (0 ms)
[----------] 4 tests from InputParsingTest (2 ms total)

[----------] Global test environment tear-down
[==========] 4 tests from 1 test suite ran. (2 ms total)
[  PASSED  ] 3 tests.
[  FAILED  ] 1 test, listed below:
[  FAILED  ] InputParsingTest.SingleQuotesInCommandArgs

 1 FAILED TEST
================================================================================
[21 / 24] 6 / 9 tests, 1 failed; Testing //:system_info_test; 1s darwin-sandbox ... (3 actions running)
INFO: Found 9 test targets...
INFO: Elapsed time: 4.810s, Critical Path: 4.68s
INFO: 22 processes: 4 action cache hit, 1 internal, 21 darwin-sandbox.
INFO: Build completed, 1 test FAILED, 22 total actions
//:http_client_test                                             (cached) PASSED in 1.2s
//:oauth_handler_test                                           (cached) PASSED in 1.0s
//:command_handler_test                                                  PASSED in 1.9s
//:database_test                                                         PASSED in 1.2s
//:orchestrator_test                                                     PASSED in 2.2s
//:system_info_test                                                      PASSED in 1.6s
//:tool_executor_test                                                    PASSED in 0.9s
//:ui_test                                                               PASSED in 1.4s
//:input_parsing_test                                                    FAILED in 1.0s
  /private/var/tmp/_bazel_kailashs/99db4ea768af096d4b040886f889832a/execroot/_main/bazel-out/darwin_arm64-fastbuild/testlogs/input_parsing_test/test.log

Executed 7 out of 9 tests: 8 tests pass and 1 fails locally.
There were tests whose specified size is too big. Use the --test_verbose_timeout_warnings command line option to see which ones these are.
